<?xml version="1.0" encoding="UTF-8"?>
<!-- Generated by org.testng.reporters.JUnitReportReporter -->
<testsuite hostname="DESKTOP-0VE5E32" failures="0" tests="2" name="test.LoginTest" time="63.658" errors="0" timestamp="2022-10-13T14:01:14 IST" skipped="0">
  <testcase classname="test.LoginTest" name="login" time="46.673"/>
  <system-out/>
  <testcase classname="test.LoginTest" name="login" time="16.985"/>
  <system-out/>
</testsuite> <!-- test.LoginTest -->
