<?xml version="1.0" encoding="UTF-8"?>
<!-- Generated by org.testng.reporters.JUnitReportReporter -->
<testsuite hostname="DESKTOP-0VE5E32" failures="0" tests="1" name="test.ThreeTest" time="36.068" errors="0" timestamp="2022-10-13T14:01:14 IST" skipped="0">
  <testcase classname="test.ThreeTest" name="threeTest" time="36.068"/>
  <system-out/>
</testsuite> <!-- test.ThreeTest -->
